# 📊 YYChat测试覆盖率进度追踪

**开始日期**: 2025年10月8日  
**目标覆盖率**: 80%  
**初始覆盖率**: <5%

---

## 📈 每日进度

### Day 1: 2025-10-08 上午
- 测试数: 23个 (累计: 23)
- 覆盖率: 24%
- 主要工作: 
  * 环境搭建和配置
  * ChatEngine初始化测试
  * ChatEngine消息生成测试
  * BaseEngine接口测试
- 状态: ✅ 完成

### Day 2: 2025-10-08 中午
- 测试数: 37个 (累计: 60)
- 覆盖率: 26%
- 主要工作:
  * ChatEngine工具调用测试
  * ChatEngine Memory管理测试
  * 错误处理测试
  * Personality应用测试
- 状态: ✅ 完成

### Day 3: 2025-10-08 下午
- 测试数: 35个 (累计: 95)
- 覆盖率: 34%
- 主要工作:
  * EngineManager测试 (16个)
  * Mem0Proxy基础测试 (19个)
- 关键提升:
  * engine_manager: 0% → 84% (+84%)
  * mem0_proxy: 12% → 44% (+32%)
  * chat_memory: 37% → 46% (+9%)
- 状态: ✅ 完成（超额）

---

## 📊 覆盖率趋势

```
Day | 测试数 | 覆盖率 | 增量  | 累计增量
----|--------|--------|-------|----------
 0  |   0    |  <5%   |   -   |    -
 1  |  23    |  24%   | +19%  |  +19%
 2  |  37    |  26%   |  +2%  |  +21%
 3  |  35    |  34%   |  +8%  |  +29%
```

---

## 🎯 里程碑

- [x] Day 1: 达到24%
- [x] Day 2: 达到26%
- [x] Day 3: 达到34%（目标30%）
- [ ] Day 5: 达到40%
- [ ] Week 2: 达到60%
- [ ] Week 3: 达到80%

---

## 📈 预测

按当前速度（平均每天+3-4%），预计：
- Week 1结束: 42%
- Week 2结束: 62%
- Week 3结束: 82%

**结论**: 按计划可以达成80%目标！🎯

---

最后更新: 2025-10-08 Day 3完成

### Day 4: 2025-10-08 下午
- 测试数: 44个 (累计: 139)
- 覆盖率: 39%
- 主要工作:
  * Mem0Proxy Handler深入测试 (20个)
  * ChatMemory详细测试 (24个)
- 关键提升:
  * chat_memory: 46% → 72% (+26%)
  * mem0_proxy: 44% → 65% (+21%)
  * tools/manager: 23% → 70% (+47%)
- 状态: ✅ 完成（超额）

### Day 5: 2025-10-08 晚上
- 测试数: 37个 (累计: 176)
- 覆盖率: 58% 🔥
- 主要工作:
  * 清理backup目录（技术债务）
  * PersonalityManager完整测试 (16个)
  * 工具实现测试 (21个)
- 关键提升:
  * personality_manager: 74% → 94% (+20%)
  * tools: 0% → 85%+ (新增)
  * 代码行数: 3523 → 2607 (-916行)
  * **单日+19%覆盖率！创纪录！**
- 状态: ✅ 完成（大幅超额）
- 里程碑: Week 1完成，目标40%，实际58%！
